<?xml version="1.0" encoding="UTF-8"?>
<!-- Generated by org.testng.reporters.JUnitReportReporter -->
<testsuite hostname="MSI" failures="0" tests="2" name="Runner.RunnerTest" time="9.467" errors="0" timestamp="2025-01-23T18:01:43 IST" skipped="0">
  <testcase classname="Runner.RunnerTest" name="runScenario" time="7.489"/>
  <system-out/>
  <testcase classname="Runner.RunnerTest" name="runScenario" time="1.978"/>
  <system-out/>
</testsuite> <!-- Runner.RunnerTest -->
