<?xml version="1.0" encoding="UTF-8"?>
<!-- Generated by org.testng.reporters.JUnitReportReporter -->
<testsuite hostname="MSI" failures="0" tests="1" name="Runner.RunnerTest" time="7.143" errors="0" timestamp="2025-01-23T16:49:24 IST" skipped="0">
  <testcase classname="Runner.RunnerTest" name="runScenario" time="7.143"/>
  <system-out/>
</testsuite> <!-- Runner.RunnerTest -->
